<?xml version="1.0" encoding="UTF-8"?>
<testsuite xmlns:xsi="http://www.w3.org/2001/XMLSchema-instance" xsi:noNamespaceSchemaLocation="https://maven.apache.org/surefire/maven-surefire-plugin/xsd/surefire-test-report.xsd" name="com.fsd.emart.item.test.TestItemService" time="0.032" tests="1" errors="1" skipped="0" failures="0">
  <properties>
    <property name="sun.desktop" value="windows"/>
    <property name="awt.toolkit" value="sun.awt.windows.WToolkit"/>
    <property name="file.encoding.pkg" value="sun.io"/>
    <property name="java.specification.version" value="1.8"/>
    <property name="sun.cpu.isalist" value="amd64"/>
    <property name="sun.jnu.encoding" value="Cp1252"/>
    <property name="java.class.path" value="C:\Users\YiHanKong\Desktop\fullstack\A_Code\emart\emart_services\item-service\target\test-classes;C:\Users\YiHanKong\Desktop\fullstack\A_Code\emart\emart_services\item-service\target\classes;C:\A_Soft\mvnrep\org\springframework\cloud\spring-cloud-starter\2.2.2.RELEASE\spring-cloud-starter-2.2.2.RELEASE.jar;C:\A_Soft\mvnrep\org\springframework\cloud\spring-cloud-context\2.2.2.RELEASE\spring-cloud-context-2.2.2.RELEASE.jar;C:\A_Soft\mvnrep\org\springframework\security\spring-security-crypto\5.2.4.RELEASE\spring-security-crypto-5.2.4.RELEASE.jar;C:\A_Soft\mvnrep\org\springframework\cloud\spring-cloud-commons\2.2.2.RELEASE\spring-cloud-commons-2.2.2.RELEASE.jar;C:\A_Soft\mvnrep\org\springframework\security\spring-security-rsa\1.0.9.RELEASE\spring-security-rsa-1.0.9.RELEASE.jar;C:\A_Soft\mvnrep\org\bouncycastle\bcpkix-jdk15on\1.64\bcpkix-jdk15on-1.64.jar;C:\A_Soft\mvnrep\org\bouncycastle\bcprov-jdk15on\1.64\bcprov-jdk15on-1.64.jar;C:\A_Soft\mvnrep\org\springframework\cloud\spring-cloud-starter-netflix-eureka-client\2.2.2.RELEASE\spring-cloud-starter-netflix-eureka-client-2.2.2.RELEASE.jar;C:\A_Soft\mvnrep\org\springframework\cloud\spring-cloud-netflix-hystrix\2.2.2.RELEASE\spring-cloud-netflix-hystrix-2.2.2.RELEASE.jar;C:\A_Soft\mvnrep\org\springframework\cloud\spring-cloud-netflix-eureka-client\2.2.2.RELEASE\spring-cloud-netflix-eureka-client-2.2.2.RELEASE.jar;C:\A_Soft\mvnrep\com\netflix\eureka\eureka-client\1.9.17\eureka-client-1.9.17.jar;C:\A_Soft\mvnrep\org\codehaus\jettison\jettison\1.3.7\jettison-1.3.7.jar;C:\A_Soft\mvnrep\stax\stax-api\1.0.1\stax-api-1.0.1.jar;C:\A_Soft\mvnrep\com\netflix\netflix-commons\netflix-eventbus\0.3.0\netflix-eventbus-0.3.0.jar;C:\A_Soft\mvnrep\com\netflix\netflix-commons\netflix-infix\0.3.0\netflix-infix-0.3.0.jar;C:\A_Soft\mvnrep\commons-jxpath\commons-jxpath\1.3\commons-jxpath-1.3.jar;C:\A_Soft\mvnrep\joda-time\joda-time\2.10.6\joda-time-2.10.6.jar;C:\A_Soft\mvnrep\org\antlr\antlr-runtime\3.4\antlr-runtime-3.4.jar;C:\A_Soft\mvnrep\org\antlr\stringtemplate\3.2.1\stringtemplate-3.2.1.jar;C:\A_Soft\mvnrep\com\google\code\gson\gson\2.8.6\gson-2.8.6.jar;C:\A_Soft\mvnrep\org\apache\commons\commons-math\2.2\commons-math-2.2.jar;C:\A_Soft\mvnrep\com\netflix\archaius\archaius-core\0.7.6\archaius-core-0.7.6.jar;C:\A_Soft\mvnrep\com\google\guava\guava\28.2-android\guava-28.2-android.jar;C:\A_Soft\mvnrep\com\google\guava\failureaccess\1.0.1\failureaccess-1.0.1.jar;C:\A_Soft\mvnrep\com\google\guava\listenablefuture\9999.0-empty-to-avoid-conflict-with-guava\listenablefuture-9999.0-empty-to-avoid-conflict-with-guava.jar;C:\A_Soft\mvnrep\org\checkerframework\checker-compat-qual\2.5.5\checker-compat-qual-2.5.5.jar;C:\A_Soft\mvnrep\com\google\errorprone\error_prone_annotations\2.3.4\error_prone_annotations-2.3.4.jar;C:\A_Soft\mvnrep\com\google\j2objc\j2objc-annotations\1.3\j2objc-annotations-1.3.jar;C:\A_Soft\mvnrep\javax\ws\rs\jsr311-api\1.1.1\jsr311-api-1.1.1.jar;C:\A_Soft\mvnrep\com\netflix\servo\servo-core\0.12.21\servo-core-0.12.21.jar;C:\A_Soft\mvnrep\com\sun\jersey\jersey-core\1.19.1\jersey-core-1.19.1.jar;C:\A_Soft\mvnrep\com\sun\jersey\jersey-client\1.19.1\jersey-client-1.19.1.jar;C:\A_Soft\mvnrep\com\sun\jersey\contribs\jersey-apache-client4\1.19.1\jersey-apache-client4-1.19.1.jar;C:\A_Soft\mvnrep\org\apache\httpcomponents\httpclient\4.5.12\httpclient-4.5.12.jar;C:\A_Soft\mvnrep\org\apache\httpcomponents\httpcore\4.4.13\httpcore-4.4.13.jar;C:\A_Soft\mvnrep\commons-codec\commons-codec\1.13\commons-codec-1.13.jar;C:\A_Soft\mvnrep\com\google\inject\guice\4.1.0\guice-4.1.0.jar;C:\A_Soft\mvnrep\javax\inject\javax.inject\1\javax.inject-1.jar;C:\A_Soft\mvnrep\aopalliance\aopalliance\1.0\aopalliance-1.0.jar;C:\A_Soft\mvnrep\com\fasterxml\jackson\core\jackson-annotations\2.10.4\jackson-annotations-2.10.4.jar;C:\A_Soft\mvnrep\com\fasterxml\jackson\core\jackson-core\2.10.4\jackson-core-2.10.4.jar;C:\A_Soft\mvnrep\com\fasterxml\jackson\core\jackson-databind\2.10.4\jackson-databind-2.10.4.jar;C:\A_Soft\mvnrep\com\netflix\eureka\eureka-core\1.9.17\eureka-core-1.9.17.jar;C:\A_Soft\mvnrep\com\fasterxml\woodstox\woodstox-core\5.2.1\woodstox-core-5.2.1.jar;C:\A_Soft\mvnrep\org\codehaus\woodstox\stax2-api\4.2\stax2-api-4.2.jar;C:\A_Soft\mvnrep\org\springframework\cloud\spring-cloud-starter-netflix-archaius\2.2.2.RELEASE\spring-cloud-starter-netflix-archaius-2.2.2.RELEASE.jar;C:\A_Soft\mvnrep\org\springframework\cloud\spring-cloud-netflix-ribbon\2.2.2.RELEASE\spring-cloud-netflix-ribbon-2.2.2.RELEASE.jar;C:\A_Soft\mvnrep\org\springframework\cloud\spring-cloud-netflix-archaius\2.2.2.RELEASE\spring-cloud-netflix-archaius-2.2.2.RELEASE.jar;C:\A_Soft\mvnrep\commons-configuration\commons-configuration\1.8\commons-configuration-1.8.jar;C:\A_Soft\mvnrep\commons-lang\commons-lang\2.6\commons-lang-2.6.jar;C:\A_Soft\mvnrep\org\springframework\cloud\spring-cloud-starter-netflix-ribbon\2.2.2.RELEASE\spring-cloud-starter-netflix-ribbon-2.2.2.RELEASE.jar;C:\A_Soft\mvnrep\com\netflix\ribbon\ribbon\2.3.0\ribbon-2.3.0.jar;C:\A_Soft\mvnrep\com\netflix\ribbon\ribbon-transport\2.3.0\ribbon-transport-2.3.0.jar;C:\A_Soft\mvnrep\io\reactivex\rxnetty-contexts\0.4.9\rxnetty-contexts-0.4.9.jar;C:\A_Soft\mvnrep\io\reactivex\rxnetty-servo\0.4.9\rxnetty-servo-0.4.9.jar;C:\A_Soft\mvnrep\com\netflix\hystrix\hystrix-core\1.5.18\hystrix-core-1.5.18.jar;C:\A_Soft\mvnrep\io\reactivex\rxnetty\0.4.9\rxnetty-0.4.9.jar;C:\A_Soft\mvnrep\com\netflix\ribbon\ribbon-core\2.3.0\ribbon-core-2.3.0.jar;C:\A_Soft\mvnrep\com\netflix\ribbon\ribbon-httpclient\2.3.0\ribbon-httpclient-2.3.0.jar;C:\A_Soft\mvnrep\commons-collections\commons-collections\3.2.2\commons-collections-3.2.2.jar;C:\A_Soft\mvnrep\com\netflix\netflix-commons\netflix-commons-util\0.3.0\netflix-commons-util-0.3.0.jar;C:\A_Soft\mvnrep\com\netflix\ribbon\ribbon-loadbalancer\2.3.0\ribbon-loadbalancer-2.3.0.jar;C:\A_Soft\mvnrep\com\netflix\netflix-commons\netflix-statistics\0.1.1\netflix-statistics-0.1.1.jar;C:\A_Soft\mvnrep\io\reactivex\rxjava\1.3.8\rxjava-1.3.8.jar;C:\A_Soft\mvnrep\org\springframework\cloud\spring-cloud-starter-loadbalancer\2.2.2.RELEASE\spring-cloud-starter-loadbalancer-2.2.2.RELEASE.jar;C:\A_Soft\mvnrep\org\springframework\cloud\spring-cloud-loadbalancer\2.2.2.RELEASE\spring-cloud-loadbalancer-2.2.2.RELEASE.jar;C:\A_Soft\mvnrep\io\projectreactor\reactor-core\3.3.5.RELEASE\reactor-core-3.3.5.RELEASE.jar;C:\A_Soft\mvnrep\org\reactivestreams\reactive-streams\1.0.3\reactive-streams-1.0.3.jar;C:\A_Soft\mvnrep\io\projectreactor\addons\reactor-extra\3.3.3.RELEASE\reactor-extra-3.3.3.RELEASE.jar;C:\A_Soft\mvnrep\org\springframework\boot\spring-boot-starter-cache\2.2.7.RELEASE\spring-boot-starter-cache-2.2.7.RELEASE.jar;C:\A_Soft\mvnrep\org\springframework\spring-context-support\5.2.6.RELEASE\spring-context-support-5.2.6.RELEASE.jar;C:\A_Soft\mvnrep\com\stoyanr\evictor\1.0.0\evictor-1.0.0.jar;C:\A_Soft\mvnrep\com\netflix\ribbon\ribbon-eureka\2.3.0\ribbon-eureka-2.3.0.jar;C:\A_Soft\mvnrep\org\slf4j\slf4j-api\1.7.30\slf4j-api-1.7.30.jar;C:\A_Soft\mvnrep\com\thoughtworks\xstream\xstream\1.4.11.1\xstream-1.4.11.1.jar;C:\A_Soft\mvnrep\xmlpull\xmlpull\1.1.3.1\xmlpull-1.1.3.1.jar;C:\A_Soft\mvnrep\xpp3\xpp3_min\1.1.4c\xpp3_min-1.1.4c.jar;C:\A_Soft\mvnrep\org\springframework\boot\spring-boot-starter-actuator\2.2.7.RELEASE\spring-boot-starter-actuator-2.2.7.RELEASE.jar;C:\A_Soft\mvnrep\org\springframework\boot\spring-boot-actuator-autoconfigure\2.2.7.RELEASE\spring-boot-actuator-autoconfigure-2.2.7.RELEASE.jar;C:\A_Soft\mvnrep\org\springframework\boot\spring-boot-actuator\2.2.7.RELEASE\spring-boot-actuator-2.2.7.RELEASE.jar;C:\A_Soft\mvnrep\org\springframework\spring-context\5.2.6.RELEASE\spring-context-5.2.6.RELEASE.jar;C:\A_Soft\mvnrep\com\fasterxml\jackson\datatype\jackson-datatype-jsr310\2.10.4\jackson-datatype-jsr310-2.10.4.jar;C:\A_Soft\mvnrep\io\micrometer\micrometer-core\1.3.8\micrometer-core-1.3.8.jar;C:\A_Soft\mvnrep\org\hdrhistogram\HdrHistogram\2.1.11\HdrHistogram-2.1.11.jar;C:\A_Soft\mvnrep\org\latencyutils\LatencyUtils\2.0.3\LatencyUtils-2.0.3.jar;C:\A_Soft\mvnrep\org\springframework\boot\spring-boot-starter-test\2.2.7.RELEASE\spring-boot-starter-test-2.2.7.RELEASE.jar;C:\A_Soft\mvnrep\org\springframework\boot\spring-boot-test\2.2.7.RELEASE\spring-boot-test-2.2.7.RELEASE.jar;C:\A_Soft\mvnrep\org\springframework\boot\spring-boot-test-autoconfigure\2.2.7.RELEASE\spring-boot-test-autoconfigure-2.2.7.RELEASE.jar;C:\A_Soft\mvnrep\com\jayway\jsonpath\json-path\2.4.0\json-path-2.4.0.jar;C:\A_Soft\mvnrep\net\minidev\json-smart\2.3\json-smart-2.3.jar;C:\A_Soft\mvnrep\net\minidev\accessors-smart\1.2\accessors-smart-1.2.jar;C:\A_Soft\mvnrep\org\ow2\asm\asm\5.0.4\asm-5.0.4.jar;C:\A_Soft\mvnrep\jakarta\xml\bind\jakarta.xml.bind-api\2.3.3\jakarta.xml.bind-api-2.3.3.jar;C:\A_Soft\mvnrep\jakarta\activation\jakarta.activation-api\1.2.2\jakarta.activation-api-1.2.2.jar;C:\A_Soft\mvnrep\org\junit\jupiter\junit-jupiter\5.5.2\junit-jupiter-5.5.2.jar;C:\A_Soft\mvnrep\org\junit\jupiter\junit-jupiter-api\5.5.2\junit-jupiter-api-5.5.2.jar;C:\A_Soft\mvnrep\org\opentest4j\opentest4j\1.2.0\opentest4j-1.2.0.jar;C:\A_Soft\mvnrep\org\junit\platform\junit-platform-commons\1.5.2\junit-platform-commons-1.5.2.jar;C:\A_Soft\mvnrep\org\junit\jupiter\junit-jupiter-params\5.5.2\junit-jupiter-params-5.5.2.jar;C:\A_Soft\mvnrep\org\junit\jupiter\junit-jupiter-engine\5.5.2\junit-jupiter-engine-5.5.2.jar;C:\A_Soft\mvnrep\org\junit\vintage\junit-vintage-engine\5.5.2\junit-vintage-engine-5.5.2.jar;C:\A_Soft\mvnrep\org\apiguardian\apiguardian-api\1.1.0\apiguardian-api-1.1.0.jar;C:\A_Soft\mvnrep\org\junit\platform\junit-platform-engine\1.5.2\junit-platform-engine-1.5.2.jar;C:\A_Soft\mvnrep\junit\junit\4.12\junit-4.12.jar;C:\A_Soft\mvnrep\org\mockito\mockito-junit-jupiter\3.1.0\mockito-junit-jupiter-3.1.0.jar;C:\A_Soft\mvnrep\org\assertj\assertj-core\3.13.2\assertj-core-3.13.2.jar;C:\A_Soft\mvnrep\org\hamcrest\hamcrest\2.1\hamcrest-2.1.jar;C:\A_Soft\mvnrep\org\mockito\mockito-core\3.1.0\mockito-core-3.1.0.jar;C:\A_Soft\mvnrep\net\bytebuddy\byte-buddy\1.10.10\byte-buddy-1.10.10.jar;C:\A_Soft\mvnrep\net\bytebuddy\byte-buddy-agent\1.10.10\byte-buddy-agent-1.10.10.jar;C:\A_Soft\mvnrep\org\objenesis\objenesis\2.6\objenesis-2.6.jar;C:\A_Soft\mvnrep\org\skyscreamer\jsonassert\1.5.0\jsonassert-1.5.0.jar;C:\A_Soft\mvnrep\com\vaadin\external\google\android-json\0.0.20131108.vaadin1\android-json-0.0.20131108.vaadin1.jar;C:\A_Soft\mvnrep\org\springframework\spring-core\5.2.6.RELEASE\spring-core-5.2.6.RELEASE.jar;C:\A_Soft\mvnrep\org\springframework\spring-jcl\5.2.6.RELEASE\spring-jcl-5.2.6.RELEASE.jar;C:\A_Soft\mvnrep\org\springframework\spring-test\5.2.6.RELEASE\spring-test-5.2.6.RELEASE.jar;C:\A_Soft\mvnrep\org\xmlunit\xmlunit-core\2.6.4\xmlunit-core-2.6.4.jar;C:\A_Soft\mvnrep\org\springframework\boot\spring-boot-starter-web\2.2.7.RELEASE\spring-boot-starter-web-2.2.7.RELEASE.jar;C:\A_Soft\mvnrep\org\springframework\boot\spring-boot-starter-json\2.2.7.RELEASE\spring-boot-starter-json-2.2.7.RELEASE.jar;C:\A_Soft\mvnrep\com\fasterxml\jackson\datatype\jackson-datatype-jdk8\2.10.4\jackson-datatype-jdk8-2.10.4.jar;C:\A_Soft\mvnrep\com\fasterxml\jackson\module\jackson-module-parameter-names\2.10.4\jackson-module-parameter-names-2.10.4.jar;C:\A_Soft\mvnrep\org\springframework\boot\spring-boot-starter-tomcat\2.2.7.RELEASE\spring-boot-starter-tomcat-2.2.7.RELEASE.jar;C:\A_Soft\mvnrep\org\apache\tomcat\embed\tomcat-embed-core\9.0.34\tomcat-embed-core-9.0.34.jar;C:\A_Soft\mvnrep\org\apache\tomcat\embed\tomcat-embed-el\9.0.34\tomcat-embed-el-9.0.34.jar;C:\A_Soft\mvnrep\org\apache\tomcat\embed\tomcat-embed-websocket\9.0.34\tomcat-embed-websocket-9.0.34.jar;C:\A_Soft\mvnrep\org\springframework\boot\spring-boot-starter-validation\2.2.7.RELEASE\spring-boot-starter-validation-2.2.7.RELEASE.jar;C:\A_Soft\mvnrep\jakarta\validation\jakarta.validation-api\2.0.2\jakarta.validation-api-2.0.2.jar;C:\A_Soft\mvnrep\org\hibernate\validator\hibernate-validator\6.0.19.Final\hibernate-validator-6.0.19.Final.jar;C:\A_Soft\mvnrep\org\springframework\spring-web\5.2.6.RELEASE\spring-web-5.2.6.RELEASE.jar;C:\A_Soft\mvnrep\org\springframework\spring-beans\5.2.6.RELEASE\spring-beans-5.2.6.RELEASE.jar;C:\A_Soft\mvnrep\org\springframework\spring-webmvc\5.2.6.RELEASE\spring-webmvc-5.2.6.RELEASE.jar;C:\A_Soft\mvnrep\org\springframework\spring-aop\5.2.6.RELEASE\spring-aop-5.2.6.RELEASE.jar;C:\A_Soft\mvnrep\org\springframework\spring-expression\5.2.6.RELEASE\spring-expression-5.2.6.RELEASE.jar;C:\A_Soft\mvnrep\mysql\mysql-connector-java\8.0.20\mysql-connector-java-8.0.20.jar;C:\A_Soft\mvnrep\org\springframework\boot\spring-boot-starter-data-jpa\2.2.7.RELEASE\spring-boot-starter-data-jpa-2.2.7.RELEASE.jar;C:\A_Soft\mvnrep\org\springframework\boot\spring-boot-starter-aop\2.2.7.RELEASE\spring-boot-starter-aop-2.2.7.RELEASE.jar;C:\A_Soft\mvnrep\org\aspectj\aspectjweaver\1.9.5\aspectjweaver-1.9.5.jar;C:\A_Soft\mvnrep\org\springframework\boot\spring-boot-starter-jdbc\2.2.7.RELEASE\spring-boot-starter-jdbc-2.2.7.RELEASE.jar;C:\A_Soft\mvnrep\com\zaxxer\HikariCP\3.4.3\HikariCP-3.4.3.jar;C:\A_Soft\mvnrep\org\springframework\spring-jdbc\5.2.6.RELEASE\spring-jdbc-5.2.6.RELEASE.jar;C:\A_Soft\mvnrep\jakarta\persistence\jakarta.persistence-api\2.2.3\jakarta.persistence-api-2.2.3.jar;C:\A_Soft\mvnrep\jakarta\transaction\jakarta.transaction-api\1.3.3\jakarta.transaction-api-1.3.3.jar;C:\A_Soft\mvnrep\org\hibernate\hibernate-core\5.4.15.Final\hibernate-core-5.4.15.Final.jar;C:\A_Soft\mvnrep\org\jboss\logging\jboss-logging\3.4.1.Final\jboss-logging-3.4.1.Final.jar;C:\A_Soft\mvnrep\org\javassist\javassist\3.24.0-GA\javassist-3.24.0-GA.jar;C:\A_Soft\mvnrep\antlr\antlr\2.7.7\antlr-2.7.7.jar;C:\A_Soft\mvnrep\org\jboss\jandex\2.1.3.Final\jandex-2.1.3.Final.jar;C:\A_Soft\mvnrep\com\fasterxml\classmate\1.5.1\classmate-1.5.1.jar;C:\A_Soft\mvnrep\org\dom4j\dom4j\2.1.3\dom4j-2.1.3.jar;C:\A_Soft\mvnrep\org\hibernate\common\hibernate-commons-annotations\5.1.0.Final\hibernate-commons-annotations-5.1.0.Final.jar;C:\A_Soft\mvnrep\org\glassfish\jaxb\jaxb-runtime\2.3.3\jaxb-runtime-2.3.3.jar;C:\A_Soft\mvnrep\org\glassfish\jaxb\txw2\2.3.3\txw2-2.3.3.jar;C:\A_Soft\mvnrep\com\sun\istack\istack-commons-runtime\3.0.11\istack-commons-runtime-3.0.11.jar;C:\A_Soft\mvnrep\com\sun\activation\jakarta.activation\1.2.2\jakarta.activation-1.2.2.jar;C:\A_Soft\mvnrep\org\springframework\data\spring-data-jpa\2.2.7.RELEASE\spring-data-jpa-2.2.7.RELEASE.jar;C:\A_Soft\mvnrep\org\springframework\data\spring-data-commons\2.2.7.RELEASE\spring-data-commons-2.2.7.RELEASE.jar;C:\A_Soft\mvnrep\org\springframework\spring-orm\5.2.6.RELEASE\spring-orm-5.2.6.RELEASE.jar;C:\A_Soft\mvnrep\org\springframework\spring-tx\5.2.6.RELEASE\spring-tx-5.2.6.RELEASE.jar;C:\A_Soft\mvnrep\org\springframework\spring-aspects\5.2.6.RELEASE\spring-aspects-5.2.6.RELEASE.jar;C:\A_Soft\mvnrep\org\springframework\boot\spring-boot-starter\2.2.7.RELEASE\spring-boot-starter-2.2.7.RELEASE.jar;C:\A_Soft\mvnrep\org\springframework\boot\spring-boot\2.2.7.RELEASE\spring-boot-2.2.7.RELEASE.jar;C:\A_Soft\mvnrep\org\springframework\boot\spring-boot-autoconfigure\2.2.7.RELEASE\spring-boot-autoconfigure-2.2.7.RELEASE.jar;C:\A_Soft\mvnrep\org\springframework\boot\spring-boot-starter-logging\2.2.7.RELEASE\spring-boot-starter-logging-2.2.7.RELEASE.jar;C:\A_Soft\mvnrep\ch\qos\logback\logback-classic\1.2.3\logback-classic-1.2.3.jar;C:\A_Soft\mvnrep\ch\qos\logback\logback-core\1.2.3\logback-core-1.2.3.jar;C:\A_Soft\mvnrep\org\apache\logging\log4j\log4j-to-slf4j\2.12.1\log4j-to-slf4j-2.12.1.jar;C:\A_Soft\mvnrep\org\apache\logging\log4j\log4j-api\2.12.1\log4j-api-2.12.1.jar;C:\A_Soft\mvnrep\org\slf4j\jul-to-slf4j\1.7.30\jul-to-slf4j-1.7.30.jar;C:\A_Soft\mvnrep\jakarta\annotation\jakarta.annotation-api\1.3.5\jakarta.annotation-api-1.3.5.jar;C:\A_Soft\mvnrep\org\yaml\snakeyaml\1.25\snakeyaml-1.25.jar;C:\A_Soft\mvnrep\org\projectlombok\lombok\1.18.12\lombok-1.18.12.jar;C:\A_Soft\mvnrep\org\springframework\boot\spring-boot-configuration-processor\2.2.7.RELEASE\spring-boot-configuration-processor-2.2.7.RELEASE.jar;"/>
    <property name="java.vm.vendor" value="Oracle Corporation"/>
    <property name="sun.arch.data.model" value="64"/>
    <property name="user.variant" value=""/>
    <property name="java.vendor.url" value="http://java.oracle.com/"/>
    <property name="user.timezone" value="Asia/Shanghai"/>
    <property name="java.vm.specification.version" value="1.8"/>
    <property name="os.name" value="Windows 10"/>
    <property name="user.country" value="US"/>
    <property name="sun.java.launcher" value="SUN_STANDARD"/>
    <property name="sun.boot.library.path" value="C:\Program Files\Java\jdk1.8.0_121\jre\bin"/>
    <property name="sun.java.command" value="C:\Users\YIHANK~1\AppData\Local\Temp\surefire866604661711637576\surefirebooter4883904812869806089.jar C:\Users\YiHanKong\AppData\Local\Temp\surefire866604661711637576 2020-06-13T09-08-28_514-jvmRun1 surefire3815887761262731947tmp surefire_02786414729801513591tmp"/>
    <property name="surefire.test.class.path" value="C:\Users\YiHanKong\Desktop\fullstack\A_Code\emart\emart_services\item-service\target\test-classes;C:\Users\YiHanKong\Desktop\fullstack\A_Code\emart\emart_services\item-service\target\classes;C:\A_Soft\mvnrep\org\springframework\cloud\spring-cloud-starter\2.2.2.RELEASE\spring-cloud-starter-2.2.2.RELEASE.jar;C:\A_Soft\mvnrep\org\springframework\cloud\spring-cloud-context\2.2.2.RELEASE\spring-cloud-context-2.2.2.RELEASE.jar;C:\A_Soft\mvnrep\org\springframework\security\spring-security-crypto\5.2.4.RELEASE\spring-security-crypto-5.2.4.RELEASE.jar;C:\A_Soft\mvnrep\org\springframework\cloud\spring-cloud-commons\2.2.2.RELEASE\spring-cloud-commons-2.2.2.RELEASE.jar;C:\A_Soft\mvnrep\org\springframework\security\spring-security-rsa\1.0.9.RELEASE\spring-security-rsa-1.0.9.RELEASE.jar;C:\A_Soft\mvnrep\org\bouncycastle\bcpkix-jdk15on\1.64\bcpkix-jdk15on-1.64.jar;C:\A_Soft\mvnrep\org\bouncycastle\bcprov-jdk15on\1.64\bcprov-jdk15on-1.64.jar;C:\A_Soft\mvnrep\org\springframework\cloud\spring-cloud-starter-netflix-eureka-client\2.2.2.RELEASE\spring-cloud-starter-netflix-eureka-client-2.2.2.RELEASE.jar;C:\A_Soft\mvnrep\org\springframework\cloud\spring-cloud-netflix-hystrix\2.2.2.RELEASE\spring-cloud-netflix-hystrix-2.2.2.RELEASE.jar;C:\A_Soft\mvnrep\org\springframework\cloud\spring-cloud-netflix-eureka-client\2.2.2.RELEASE\spring-cloud-netflix-eureka-client-2.2.2.RELEASE.jar;C:\A_Soft\mvnrep\com\netflix\eureka\eureka-client\1.9.17\eureka-client-1.9.17.jar;C:\A_Soft\mvnrep\org\codehaus\jettison\jettison\1.3.7\jettison-1.3.7.jar;C:\A_Soft\mvnrep\stax\stax-api\1.0.1\stax-api-1.0.1.jar;C:\A_Soft\mvnrep\com\netflix\netflix-commons\netflix-eventbus\0.3.0\netflix-eventbus-0.3.0.jar;C:\A_Soft\mvnrep\com\netflix\netflix-commons\netflix-infix\0.3.0\netflix-infix-0.3.0.jar;C:\A_Soft\mvnrep\commons-jxpath\commons-jxpath\1.3\commons-jxpath-1.3.jar;C:\A_Soft\mvnrep\joda-time\joda-time\2.10.6\joda-time-2.10.6.jar;C:\A_Soft\mvnrep\org\antlr\antlr-runtime\3.4\antlr-runtime-3.4.jar;C:\A_Soft\mvnrep\org\antlr\stringtemplate\3.2.1\stringtemplate-3.2.1.jar;C:\A_Soft\mvnrep\com\google\code\gson\gson\2.8.6\gson-2.8.6.jar;C:\A_Soft\mvnrep\org\apache\commons\commons-math\2.2\commons-math-2.2.jar;C:\A_Soft\mvnrep\com\netflix\archaius\archaius-core\0.7.6\archaius-core-0.7.6.jar;C:\A_Soft\mvnrep\com\google\guava\guava\28.2-android\guava-28.2-android.jar;C:\A_Soft\mvnrep\com\google\guava\failureaccess\1.0.1\failureaccess-1.0.1.jar;C:\A_Soft\mvnrep\com\google\guava\listenablefuture\9999.0-empty-to-avoid-conflict-with-guava\listenablefuture-9999.0-empty-to-avoid-conflict-with-guava.jar;C:\A_Soft\mvnrep\org\checkerframework\checker-compat-qual\2.5.5\checker-compat-qual-2.5.5.jar;C:\A_Soft\mvnrep\com\google\errorprone\error_prone_annotations\2.3.4\error_prone_annotations-2.3.4.jar;C:\A_Soft\mvnrep\com\google\j2objc\j2objc-annotations\1.3\j2objc-annotations-1.3.jar;C:\A_Soft\mvnrep\javax\ws\rs\jsr311-api\1.1.1\jsr311-api-1.1.1.jar;C:\A_Soft\mvnrep\com\netflix\servo\servo-core\0.12.21\servo-core-0.12.21.jar;C:\A_Soft\mvnrep\com\sun\jersey\jersey-core\1.19.1\jersey-core-1.19.1.jar;C:\A_Soft\mvnrep\com\sun\jersey\jersey-client\1.19.1\jersey-client-1.19.1.jar;C:\A_Soft\mvnrep\com\sun\jersey\contribs\jersey-apache-client4\1.19.1\jersey-apache-client4-1.19.1.jar;C:\A_Soft\mvnrep\org\apache\httpcomponents\httpclient\4.5.12\httpclient-4.5.12.jar;C:\A_Soft\mvnrep\org\apache\httpcomponents\httpcore\4.4.13\httpcore-4.4.13.jar;C:\A_Soft\mvnrep\commons-codec\commons-codec\1.13\commons-codec-1.13.jar;C:\A_Soft\mvnrep\com\google\inject\guice\4.1.0\guice-4.1.0.jar;C:\A_Soft\mvnrep\javax\inject\javax.inject\1\javax.inject-1.jar;C:\A_Soft\mvnrep\aopalliance\aopalliance\1.0\aopalliance-1.0.jar;C:\A_Soft\mvnrep\com\fasterxml\jackson\core\jackson-annotations\2.10.4\jackson-annotations-2.10.4.jar;C:\A_Soft\mvnrep\com\fasterxml\jackson\core\jackson-core\2.10.4\jackson-core-2.10.4.jar;C:\A_Soft\mvnrep\com\fasterxml\jackson\core\jackson-databind\2.10.4\jackson-databind-2.10.4.jar;C:\A_Soft\mvnrep\com\netflix\eureka\eureka-core\1.9.17\eureka-core-1.9.17.jar;C:\A_Soft\mvnrep\com\fasterxml\woodstox\woodstox-core\5.2.1\woodstox-core-5.2.1.jar;C:\A_Soft\mvnrep\org\codehaus\woodstox\stax2-api\4.2\stax2-api-4.2.jar;C:\A_Soft\mvnrep\org\springframework\cloud\spring-cloud-starter-netflix-archaius\2.2.2.RELEASE\spring-cloud-starter-netflix-archaius-2.2.2.RELEASE.jar;C:\A_Soft\mvnrep\org\springframework\cloud\spring-cloud-netflix-ribbon\2.2.2.RELEASE\spring-cloud-netflix-ribbon-2.2.2.RELEASE.jar;C:\A_Soft\mvnrep\org\springframework\cloud\spring-cloud-netflix-archaius\2.2.2.RELEASE\spring-cloud-netflix-archaius-2.2.2.RELEASE.jar;C:\A_Soft\mvnrep\commons-configuration\commons-configuration\1.8\commons-configuration-1.8.jar;C:\A_Soft\mvnrep\commons-lang\commons-lang\2.6\commons-lang-2.6.jar;C:\A_Soft\mvnrep\org\springframework\cloud\spring-cloud-starter-netflix-ribbon\2.2.2.RELEASE\spring-cloud-starter-netflix-ribbon-2.2.2.RELEASE.jar;C:\A_Soft\mvnrep\com\netflix\ribbon\ribbon\2.3.0\ribbon-2.3.0.jar;C:\A_Soft\mvnrep\com\netflix\ribbon\ribbon-transport\2.3.0\ribbon-transport-2.3.0.jar;C:\A_Soft\mvnrep\io\reactivex\rxnetty-contexts\0.4.9\rxnetty-contexts-0.4.9.jar;C:\A_Soft\mvnrep\io\reactivex\rxnetty-servo\0.4.9\rxnetty-servo-0.4.9.jar;C:\A_Soft\mvnrep\com\netflix\hystrix\hystrix-core\1.5.18\hystrix-core-1.5.18.jar;C:\A_Soft\mvnrep\io\reactivex\rxnetty\0.4.9\rxnetty-0.4.9.jar;C:\A_Soft\mvnrep\com\netflix\ribbon\ribbon-core\2.3.0\ribbon-core-2.3.0.jar;C:\A_Soft\mvnrep\com\netflix\ribbon\ribbon-httpclient\2.3.0\ribbon-httpclient-2.3.0.jar;C:\A_Soft\mvnrep\commons-collections\commons-collections\3.2.2\commons-collections-3.2.2.jar;C:\A_Soft\mvnrep\com\netflix\netflix-commons\netflix-commons-util\0.3.0\netflix-commons-util-0.3.0.jar;C:\A_Soft\mvnrep\com\netflix\ribbon\ribbon-loadbalancer\2.3.0\ribbon-loadbalancer-2.3.0.jar;C:\A_Soft\mvnrep\com\netflix\netflix-commons\netflix-statistics\0.1.1\netflix-statistics-0.1.1.jar;C:\A_Soft\mvnrep\io\reactivex\rxjava\1.3.8\rxjava-1.3.8.jar;C:\A_Soft\mvnrep\org\springframework\cloud\spring-cloud-starter-loadbalancer\2.2.2.RELEASE\spring-cloud-starter-loadbalancer-2.2.2.RELEASE.jar;C:\A_Soft\mvnrep\org\springframework\cloud\spring-cloud-loadbalancer\2.2.2.RELEASE\spring-cloud-loadbalancer-2.2.2.RELEASE.jar;C:\A_Soft\mvnrep\io\projectreactor\reactor-core\3.3.5.RELEASE\reactor-core-3.3.5.RELEASE.jar;C:\A_Soft\mvnrep\org\reactivestreams\reactive-streams\1.0.3\reactive-streams-1.0.3.jar;C:\A_Soft\mvnrep\io\projectreactor\addons\reactor-extra\3.3.3.RELEASE\reactor-extra-3.3.3.RELEASE.jar;C:\A_Soft\mvnrep\org\springframework\boot\spring-boot-starter-cache\2.2.7.RELEASE\spring-boot-starter-cache-2.2.7.RELEASE.jar;C:\A_Soft\mvnrep\org\springframework\spring-context-support\5.2.6.RELEASE\spring-context-support-5.2.6.RELEASE.jar;C:\A_Soft\mvnrep\com\stoyanr\evictor\1.0.0\evictor-1.0.0.jar;C:\A_Soft\mvnrep\com\netflix\ribbon\ribbon-eureka\2.3.0\ribbon-eureka-2.3.0.jar;C:\A_Soft\mvnrep\org\slf4j\slf4j-api\1.7.30\slf4j-api-1.7.30.jar;C:\A_Soft\mvnrep\com\thoughtworks\xstream\xstream\1.4.11.1\xstream-1.4.11.1.jar;C:\A_Soft\mvnrep\xmlpull\xmlpull\1.1.3.1\xmlpull-1.1.3.1.jar;C:\A_Soft\mvnrep\xpp3\xpp3_min\1.1.4c\xpp3_min-1.1.4c.jar;C:\A_Soft\mvnrep\org\springframework\boot\spring-boot-starter-actuator\2.2.7.RELEASE\spring-boot-starter-actuator-2.2.7.RELEASE.jar;C:\A_Soft\mvnrep\org\springframework\boot\spring-boot-actuator-autoconfigure\2.2.7.RELEASE\spring-boot-actuator-autoconfigure-2.2.7.RELEASE.jar;C:\A_Soft\mvnrep\org\springframework\boot\spring-boot-actuator\2.2.7.RELEASE\spring-boot-actuator-2.2.7.RELEASE.jar;C:\A_Soft\mvnrep\org\springframework\spring-context\5.2.6.RELEASE\spring-context-5.2.6.RELEASE.jar;C:\A_Soft\mvnrep\com\fasterxml\jackson\datatype\jackson-datatype-jsr310\2.10.4\jackson-datatype-jsr310-2.10.4.jar;C:\A_Soft\mvnrep\io\micrometer\micrometer-core\1.3.8\micrometer-core-1.3.8.jar;C:\A_Soft\mvnrep\org\hdrhistogram\HdrHistogram\2.1.11\HdrHistogram-2.1.11.jar;C:\A_Soft\mvnrep\org\latencyutils\LatencyUtils\2.0.3\LatencyUtils-2.0.3.jar;C:\A_Soft\mvnrep\org\springframework\boot\spring-boot-starter-test\2.2.7.RELEASE\spring-boot-starter-test-2.2.7.RELEASE.jar;C:\A_Soft\mvnrep\org\springframework\boot\spring-boot-test\2.2.7.RELEASE\spring-boot-test-2.2.7.RELEASE.jar;C:\A_Soft\mvnrep\org\springframework\boot\spring-boot-test-autoconfigure\2.2.7.RELEASE\spring-boot-test-autoconfigure-2.2.7.RELEASE.jar;C:\A_Soft\mvnrep\com\jayway\jsonpath\json-path\2.4.0\json-path-2.4.0.jar;C:\A_Soft\mvnrep\net\minidev\json-smart\2.3\json-smart-2.3.jar;C:\A_Soft\mvnrep\net\minidev\accessors-smart\1.2\accessors-smart-1.2.jar;C:\A_Soft\mvnrep\org\ow2\asm\asm\5.0.4\asm-5.0.4.jar;C:\A_Soft\mvnrep\jakarta\xml\bind\jakarta.xml.bind-api\2.3.3\jakarta.xml.bind-api-2.3.3.jar;C:\A_Soft\mvnrep\jakarta\activation\jakarta.activation-api\1.2.2\jakarta.activation-api-1.2.2.jar;C:\A_Soft\mvnrep\org\junit\jupiter\junit-jupiter\5.5.2\junit-jupiter-5.5.2.jar;C:\A_Soft\mvnrep\org\junit\jupiter\junit-jupiter-api\5.5.2\junit-jupiter-api-5.5.2.jar;C:\A_Soft\mvnrep\org\opentest4j\opentest4j\1.2.0\opentest4j-1.2.0.jar;C:\A_Soft\mvnrep\org\junit\platform\junit-platform-commons\1.5.2\junit-platform-commons-1.5.2.jar;C:\A_Soft\mvnrep\org\junit\jupiter\junit-jupiter-params\5.5.2\junit-jupiter-params-5.5.2.jar;C:\A_Soft\mvnrep\org\junit\jupiter\junit-jupiter-engine\5.5.2\junit-jupiter-engine-5.5.2.jar;C:\A_Soft\mvnrep\org\junit\vintage\junit-vintage-engine\5.5.2\junit-vintage-engine-5.5.2.jar;C:\A_Soft\mvnrep\org\apiguardian\apiguardian-api\1.1.0\apiguardian-api-1.1.0.jar;C:\A_Soft\mvnrep\org\junit\platform\junit-platform-engine\1.5.2\junit-platform-engine-1.5.2.jar;C:\A_Soft\mvnrep\junit\junit\4.12\junit-4.12.jar;C:\A_Soft\mvnrep\org\mockito\mockito-junit-jupiter\3.1.0\mockito-junit-jupiter-3.1.0.jar;C:\A_Soft\mvnrep\org\assertj\assertj-core\3.13.2\assertj-core-3.13.2.jar;C:\A_Soft\mvnrep\org\hamcrest\hamcrest\2.1\hamcrest-2.1.jar;C:\A_Soft\mvnrep\org\mockito\mockito-core\3.1.0\mockito-core-3.1.0.jar;C:\A_Soft\mvnrep\net\bytebuddy\byte-buddy\1.10.10\byte-buddy-1.10.10.jar;C:\A_Soft\mvnrep\net\bytebuddy\byte-buddy-agent\1.10.10\byte-buddy-agent-1.10.10.jar;C:\A_Soft\mvnrep\org\objenesis\objenesis\2.6\objenesis-2.6.jar;C:\A_Soft\mvnrep\org\skyscreamer\jsonassert\1.5.0\jsonassert-1.5.0.jar;C:\A_Soft\mvnrep\com\vaadin\external\google\android-json\0.0.20131108.vaadin1\android-json-0.0.20131108.vaadin1.jar;C:\A_Soft\mvnrep\org\springframework\spring-core\5.2.6.RELEASE\spring-core-5.2.6.RELEASE.jar;C:\A_Soft\mvnrep\org\springframework\spring-jcl\5.2.6.RELEASE\spring-jcl-5.2.6.RELEASE.jar;C:\A_Soft\mvnrep\org\springframework\spring-test\5.2.6.RELEASE\spring-test-5.2.6.RELEASE.jar;C:\A_Soft\mvnrep\org\xmlunit\xmlunit-core\2.6.4\xmlunit-core-2.6.4.jar;C:\A_Soft\mvnrep\org\springframework\boot\spring-boot-starter-web\2.2.7.RELEASE\spring-boot-starter-web-2.2.7.RELEASE.jar;C:\A_Soft\mvnrep\org\springframework\boot\spring-boot-starter-json\2.2.7.RELEASE\spring-boot-starter-json-2.2.7.RELEASE.jar;C:\A_Soft\mvnrep\com\fasterxml\jackson\datatype\jackson-datatype-jdk8\2.10.4\jackson-datatype-jdk8-2.10.4.jar;C:\A_Soft\mvnrep\com\fasterxml\jackson\module\jackson-module-parameter-names\2.10.4\jackson-module-parameter-names-2.10.4.jar;C:\A_Soft\mvnrep\org\springframework\boot\spring-boot-starter-tomcat\2.2.7.RELEASE\spring-boot-starter-tomcat-2.2.7.RELEASE.jar;C:\A_Soft\mvnrep\org\apache\tomcat\embed\tomcat-embed-core\9.0.34\tomcat-embed-core-9.0.34.jar;C:\A_Soft\mvnrep\org\apache\tomcat\embed\tomcat-embed-el\9.0.34\tomcat-embed-el-9.0.34.jar;C:\A_Soft\mvnrep\org\apache\tomcat\embed\tomcat-embed-websocket\9.0.34\tomcat-embed-websocket-9.0.34.jar;C:\A_Soft\mvnrep\org\springframework\boot\spring-boot-starter-validation\2.2.7.RELEASE\spring-boot-starter-validation-2.2.7.RELEASE.jar;C:\A_Soft\mvnrep\jakarta\validation\jakarta.validation-api\2.0.2\jakarta.validation-api-2.0.2.jar;C:\A_Soft\mvnrep\org\hibernate\validator\hibernate-validator\6.0.19.Final\hibernate-validator-6.0.19.Final.jar;C:\A_Soft\mvnrep\org\springframework\spring-web\5.2.6.RELEASE\spring-web-5.2.6.RELEASE.jar;C:\A_Soft\mvnrep\org\springframework\spring-beans\5.2.6.RELEASE\spring-beans-5.2.6.RELEASE.jar;C:\A_Soft\mvnrep\org\springframework\spring-webmvc\5.2.6.RELEASE\spring-webmvc-5.2.6.RELEASE.jar;C:\A_Soft\mvnrep\org\springframework\spring-aop\5.2.6.RELEASE\spring-aop-5.2.6.RELEASE.jar;C:\A_Soft\mvnrep\org\springframework\spring-expression\5.2.6.RELEASE\spring-expression-5.2.6.RELEASE.jar;C:\A_Soft\mvnrep\mysql\mysql-connector-java\8.0.20\mysql-connector-java-8.0.20.jar;C:\A_Soft\mvnrep\org\springframework\boot\spring-boot-starter-data-jpa\2.2.7.RELEASE\spring-boot-starter-data-jpa-2.2.7.RELEASE.jar;C:\A_Soft\mvnrep\org\springframework\boot\spring-boot-starter-aop\2.2.7.RELEASE\spring-boot-starter-aop-2.2.7.RELEASE.jar;C:\A_Soft\mvnrep\org\aspectj\aspectjweaver\1.9.5\aspectjweaver-1.9.5.jar;C:\A_Soft\mvnrep\org\springframework\boot\spring-boot-starter-jdbc\2.2.7.RELEASE\spring-boot-starter-jdbc-2.2.7.RELEASE.jar;C:\A_Soft\mvnrep\com\zaxxer\HikariCP\3.4.3\HikariCP-3.4.3.jar;C:\A_Soft\mvnrep\org\springframework\spring-jdbc\5.2.6.RELEASE\spring-jdbc-5.2.6.RELEASE.jar;C:\A_Soft\mvnrep\jakarta\persistence\jakarta.persistence-api\2.2.3\jakarta.persistence-api-2.2.3.jar;C:\A_Soft\mvnrep\jakarta\transaction\jakarta.transaction-api\1.3.3\jakarta.transaction-api-1.3.3.jar;C:\A_Soft\mvnrep\org\hibernate\hibernate-core\5.4.15.Final\hibernate-core-5.4.15.Final.jar;C:\A_Soft\mvnrep\org\jboss\logging\jboss-logging\3.4.1.Final\jboss-logging-3.4.1.Final.jar;C:\A_Soft\mvnrep\org\javassist\javassist\3.24.0-GA\javassist-3.24.0-GA.jar;C:\A_Soft\mvnrep\antlr\antlr\2.7.7\antlr-2.7.7.jar;C:\A_Soft\mvnrep\org\jboss\jandex\2.1.3.Final\jandex-2.1.3.Final.jar;C:\A_Soft\mvnrep\com\fasterxml\classmate\1.5.1\classmate-1.5.1.jar;C:\A_Soft\mvnrep\org\dom4j\dom4j\2.1.3\dom4j-2.1.3.jar;C:\A_Soft\mvnrep\org\hibernate\common\hibernate-commons-annotations\5.1.0.Final\hibernate-commons-annotations-5.1.0.Final.jar;C:\A_Soft\mvnrep\org\glassfish\jaxb\jaxb-runtime\2.3.3\jaxb-runtime-2.3.3.jar;C:\A_Soft\mvnrep\org\glassfish\jaxb\txw2\2.3.3\txw2-2.3.3.jar;C:\A_Soft\mvnrep\com\sun\istack\istack-commons-runtime\3.0.11\istack-commons-runtime-3.0.11.jar;C:\A_Soft\mvnrep\com\sun\activation\jakarta.activation\1.2.2\jakarta.activation-1.2.2.jar;C:\A_Soft\mvnrep\org\springframework\data\spring-data-jpa\2.2.7.RELEASE\spring-data-jpa-2.2.7.RELEASE.jar;C:\A_Soft\mvnrep\org\springframework\data\spring-data-commons\2.2.7.RELEASE\spring-data-commons-2.2.7.RELEASE.jar;C:\A_Soft\mvnrep\org\springframework\spring-orm\5.2.6.RELEASE\spring-orm-5.2.6.RELEASE.jar;C:\A_Soft\mvnrep\org\springframework\spring-tx\5.2.6.RELEASE\spring-tx-5.2.6.RELEASE.jar;C:\A_Soft\mvnrep\org\springframework\spring-aspects\5.2.6.RELEASE\spring-aspects-5.2.6.RELEASE.jar;C:\A_Soft\mvnrep\org\springframework\boot\spring-boot-starter\2.2.7.RELEASE\spring-boot-starter-2.2.7.RELEASE.jar;C:\A_Soft\mvnrep\org\springframework\boot\spring-boot\2.2.7.RELEASE\spring-boot-2.2.7.RELEASE.jar;C:\A_Soft\mvnrep\org\springframework\boot\spring-boot-autoconfigure\2.2.7.RELEASE\spring-boot-autoconfigure-2.2.7.RELEASE.jar;C:\A_Soft\mvnrep\org\springframework\boot\spring-boot-starter-logging\2.2.7.RELEASE\spring-boot-starter-logging-2.2.7.RELEASE.jar;C:\A_Soft\mvnrep\ch\qos\logback\logback-classic\1.2.3\logback-classic-1.2.3.jar;C:\A_Soft\mvnrep\ch\qos\logback\logback-core\1.2.3\logback-core-1.2.3.jar;C:\A_Soft\mvnrep\org\apache\logging\log4j\log4j-to-slf4j\2.12.1\log4j-to-slf4j-2.12.1.jar;C:\A_Soft\mvnrep\org\apache\logging\log4j\log4j-api\2.12.1\log4j-api-2.12.1.jar;C:\A_Soft\mvnrep\org\slf4j\jul-to-slf4j\1.7.30\jul-to-slf4j-1.7.30.jar;C:\A_Soft\mvnrep\jakarta\annotation\jakarta.annotation-api\1.3.5\jakarta.annotation-api-1.3.5.jar;C:\A_Soft\mvnrep\org\yaml\snakeyaml\1.25\snakeyaml-1.25.jar;C:\A_Soft\mvnrep\org\projectlombok\lombok\1.18.12\lombok-1.18.12.jar;C:\A_Soft\mvnrep\org\springframework\boot\spring-boot-configuration-processor\2.2.7.RELEASE\spring-boot-configuration-processor-2.2.7.RELEASE.jar;"/>
    <property name="sun.cpu.endian" value="little"/>
    <property name="user.home" value="C:\Users\YiHanKong"/>
    <property name="user.language" value="en"/>
    <property name="java.specification.vendor" value="Oracle Corporation"/>
    <property name="java.home" value="C:\Program Files\Java\jdk1.8.0_121\jre"/>
    <property name="basedir" value="C:\Users\YiHanKong\Desktop\fullstack\A_Code\emart\emart_services\item-service"/>
    <property name="style.color" value="always"/>
    <property name="file.separator" value="\"/>
    <property name="line.separator" value="&#10;"/>
    <property name="java.vm.specification.vendor" value="Oracle Corporation"/>
    <property name="java.specification.name" value="Java Platform API Specification"/>
    <property name="java.awt.graphicsenv" value="sun.awt.Win32GraphicsEnvironment"/>
    <property name="surefire.real.class.path" value="C:\Users\YIHANK~1\AppData\Local\Temp\surefire866604661711637576\surefirebooter4883904812869806089.jar"/>
    <property name="sun.boot.class.path" value="C:\Program Files\Java\jdk1.8.0_121\jre\lib\resources.jar;C:\Program Files\Java\jdk1.8.0_121\jre\lib\rt.jar;C:\Program Files\Java\jdk1.8.0_121\jre\lib\sunrsasign.jar;C:\Program Files\Java\jdk1.8.0_121\jre\lib\jsse.jar;C:\Program Files\Java\jdk1.8.0_121\jre\lib\jce.jar;C:\Program Files\Java\jdk1.8.0_121\jre\lib\charsets.jar;C:\Program Files\Java\jdk1.8.0_121\jre\lib\jfr.jar;C:\Program Files\Java\jdk1.8.0_121\jre\classes"/>
    <property name="user.script" value=""/>
    <property name="sun.management.compiler" value="HotSpot 64-Bit Tiered Compilers"/>
    <property name="java.runtime.version" value="1.8.0_121-b13"/>
    <property name="user.name" value="YiHanKong"/>
    <property name="path.separator" value=";"/>
    <property name="os.version" value="10.0"/>
    <property name="java.endorsed.dirs" value="C:\Program Files\Java\jdk1.8.0_121\jre\lib\endorsed"/>
    <property name="java.runtime.name" value="Java(TM) SE Runtime Environment"/>
    <property name="file.encoding" value="Cp1252"/>
    <property name="java.vm.name" value="Java HotSpot(TM) 64-Bit Server VM"/>
    <property name="localRepository" value="C:\A_Soft\mvnrep"/>
    <property name="java.vendor.url.bug" value="http://bugreport.sun.com/bugreport/"/>
    <property name="java.io.tmpdir" value="C:\Users\YIHANK~1\AppData\Local\Temp\"/>
    <property name="java.version" value="1.8.0_121"/>
    <property name="user.dir" value="C:\Users\YiHanKong\Desktop\fullstack\A_Code\emart\emart_services\item-service"/>
    <property name="os.arch" value="amd64"/>
    <property name="java.vm.specification.name" value="Java Virtual Machine Specification"/>
    <property name="java.awt.printerjob" value="sun.awt.windows.WPrinterJob"/>
    <property name="sun.os.patch.level" value=""/>
    <property name="java.library.path" value="C:\Program Files\Java\jdk1.8.0_121\jre\bin;C:\WINDOWS\Sun\Java\bin;C:\WINDOWS\system32;C:\WINDOWS;C:/Program Files/Java/jre1.8.0_191/bin/server;C:/Program Files/Java/jre1.8.0_191/bin;C:/Program Files/Java/jre1.8.0_191/lib/amd64;C:\A_Soft\Python27\;C:\A_Soft\Python27\Scripts;C:\Program Files (x86)\Common Files\Oracle\Java\javapath;C:\A_Soft\Aanaconda3;C:\A_Soft\Aanaconda3\Library\mingw-w64\bin;C:\A_Soft\Aanaconda3\Library\usr\bin;C:\A_Soft\Aanaconda3\Library\bin;C:\A_Soft\Aanaconda3\Scripts;C:\ProgramData\Oracle\Java\javapath;C:\WINDOWS\system32;C:\WINDOWS;C:\WINDOWS\System32\Wbem;C:\WINDOWS\System32\WindowsPowerShell\v1.0\;C:\WINDOWS\System32\OpenSSH\;C:\Program Files\Git\cmd;C:\Program Files\kubectl;C:\Program Files\helm\windows-amd64;C:\Program Files\IBM\Cloud\bin;C:\Program Files\Java\jdk1.8.0_121\bin;C:\A_Soft\sonar-scanner-cli-3.2.0.1227-windows\sonar-scanner-3.2.0.1227-windows\bin;C:\Program Files (x86)\Webex\Webex\Applications;C:\WINDOWS\system32;C:\WINDOWS;C:\WINDOWS\System32\Wbem;C:\WINDOWS\System32\WindowsPowerShell\v1.0\;C:\WINDOWS\System32\OpenSSH\;C:\A_Soft\mysql-8.0.15-winx64\bin;C:\Program Files (x86)\Microsoft SQL Server\Client SDK\ODBC\130\Tools\Binn\;C:\Program Files (x86)\Microsoft SQL Server\140\Tools\Binn\;C:\Program Files (x86)\Microsoft SQL Server\140\DTS\Binn\;C:\Program Files (x86)\Microsoft SQL Server\140\Tools\Binn\ManagementStudio\;C:\Program Files (x86)\Intel\Intel(R) Management Engine Components\DAL;C:\Program Files\Intel\Intel(R) Management Engine Components\DAL;C:\PROGRA~1\IBM\IBMDAT~1\BIN;C:\Program Files\Intel\WiFi\bin\;C:\Program Files\Common Files\Intel\WirelessCommon\;C:\A_Soft\openssl-0.9.8h-1-bin\share\openssl.cnf\bin;C:\Program Files\CrashPlan\jre\bin\server\;C:\Program Files\CrashPlan\jre\bin\;C:\Program Files (x86)\PuTTY\;C:\A_Soft\Python2.7;C:\A_Soft\node12.16.0;C:\A_Soft\openshift;C:\A_Soft\apache-maven-3.6.3\bin;C:\Users\YiHanKong\AppData\Local\Programs\Python\Python35\Scripts\;C:\Users\YiHanKong\AppData\Local\Programs\Python\Python35\;C:\Users\YiHanKong\AppData\Local\Microsoft\WindowsApps;C:\Users\YiHanKong\AppData\Roaming\npm;C:\Program Files\Intel\WiFi\bin\;C:\Program Files\Common Files\Intel\WirelessCommon\;C:\Users\YiHanKong\AppData\Local\Programs\Microsoft VS Code\bin;C:\A_Soft\Eclipse with sts-4.6.0.RELEASE;;."/>
    <property name="java.vm.info" value="mixed mode"/>
    <property name="java.vendor" value="Oracle Corporation"/>
    <property name="java.vm.version" value="25.121-b13"/>
    <property name="java.ext.dirs" value="C:\Program Files\Java\jdk1.8.0_121\jre\lib\ext;C:\WINDOWS\Sun\Java\lib\ext"/>
    <property name="sun.io.unicode.encoding" value="UnicodeLittle"/>
    <property name="java.class.version" value="52.0"/>
  </properties>
  <testcase name="testGetItems" classname="com.fsd.emart.item.test.TestItemService" time="0.591"/>
  <testcase name="initializationError" classname="com.fsd.emart.item.test.TestItemService" time="0.023">
    <error message="No runnable methods" type="java.lang.Exception">java.lang.Exception: No runnable methods
</error>
  </testcase>
</testsuite>